<?xml version="1.0" encoding="UTF-8"?>
<!-- Generated by org.testng.reporters.JUnitReportReporter -->
<testsuite hostname="ADMIN-PC" failures="0" tests="1" name="testCase001" time="65.623" errors="0" timestamp="2022-04-09T17:27:26 IST" skipped="0">
  <testcase classname="testCase001" name="verifyInputPage" time="65.623"/>
  <system-out/>
</testsuite> <!-- testCase001 -->
